<?xml version="1.0" encoding="UTF-8"?>
<testng-results ignored="0" total="6" passed="6" failed="0" skipped="0">
  <reporter-output>
  </reporter-output>
  <suite started-at="2023-10-29T00:50:07 CEST" name="All Test Suite" finished-at="2023-10-29T00:51:56 CEST" duration-ms="108827">
    <groups>
    </groups>
    <test started-at="2023-10-29T00:50:07 CEST" name="Olx Edge Tests" finished-at="2023-10-29T00:50:46 CEST" duration-ms="38621">
      <class name="testCases.Tests">
        <test-method is-config="true" signature="setDriver(java.lang.String,java.lang.String,java.lang.String)[pri:0, instance:testCases.Tests@3daa422a]" started-at="2023-10-29T00:50:07 CEST" name="setDriver" finished-at="2023-10-29T00:50:16 CEST" duration-ms="8278" status="PASS">
          <params>
            <param index="0">
              <value>
                <![CDATA[edge]]>
              </value>
            </param>
            <param index="1">
              <value>
                <![CDATA[http://localhost:4445/wd/hub]]>
              </value>
            </param>
            <param index="2">
              <value>
                <![CDATA[http://www.olx.pl]]>
              </value>
            </param>
          </params>
          <reporter-output>
          </reporter-output>
        </test-method> <!-- setDriver -->
        <test-method signature="shouldSearchForOffer(java.lang.String,java.lang.String,java.lang.String)[pri:1, instance:testCases.Tests@3daa422a]" started-at="2023-10-29T00:50:16 CEST" name="shouldSearchForOffer" finished-at="2023-10-29T00:50:24 CEST" duration-ms="8398" status="PASS">
          <params>
            <param index="0">
              <value>
                <![CDATA[QA engineer]]>
              </value>
            </param>
            <param index="1">
              <value>
                <![CDATA[Cała Polska]]>
              </value>
            </param>
            <param index="2">
              <value>
                <![CDATA[https://www.olx.pl/oferty/q-QA-engineer/]]>
              </value>
            </param>
          </params>
          <reporter-output>
          </reporter-output>
        </test-method> <!-- shouldSearchForOffer -->
        <test-method is-config="true" signature="tearDown()[pri:0, instance:testCases.Tests@3daa422a]" started-at="2023-10-29T00:50:24 CEST" name="tearDown" finished-at="2023-10-29T00:50:24 CEST" duration-ms="201" status="PASS">
          <reporter-output>
          </reporter-output>
        </test-method> <!-- tearDown -->
        <test-method is-config="true" signature="setDriver(java.lang.String,java.lang.String,java.lang.String)[pri:0, instance:testCases.Tests@3daa422a]" started-at="2023-10-29T00:50:24 CEST" name="setDriver" finished-at="2023-10-29T00:50:31 CEST" duration-ms="7148" status="PASS">
          <params>
            <param index="0">
              <value>
                <![CDATA[edge]]>
              </value>
            </param>
            <param index="1">
              <value>
                <![CDATA[http://localhost:4445/wd/hub]]>
              </value>
            </param>
            <param index="2">
              <value>
                <![CDATA[http://www.olx.pl]]>
              </value>
            </param>
          </params>
          <reporter-output>
          </reporter-output>
        </test-method> <!-- setDriver -->
        <test-method signature="shouldPrintAmountOfQaOffers(java.lang.String,java.lang.String,java.lang.String,java.lang.String,java.lang.String)[pri:2, instance:testCases.Tests@3daa422a]" started-at="2023-10-29T00:50:31 CEST" name="shouldPrintAmountOfQaOffers" finished-at="2023-10-29T00:50:46 CEST" duration-ms="14404" status="PASS">
          <params>
            <param index="0">
              <value>
                <![CDATA[QA engineer]]>
              </value>
            </param>
            <param index="1">
              <value>
                <![CDATA[Cała Polska]]>
              </value>
            </param>
            <param index="2">
              <value>
                <![CDATA[praca]]>
              </value>
            </param>
            <param index="3">
              <value>
                <![CDATA[IT]]>
              </value>
            </param>
            <param index="4">
              <value>
                <![CDATA[https://www.olx.pl/praca/informatyka/q-QA-engineer/]]>
              </value>
            </param>
          </params>
          <reporter-output>
          </reporter-output>
        </test-method> <!-- shouldPrintAmountOfQaOffers -->
        <test-method is-config="true" signature="tearDown()[pri:0, instance:testCases.Tests@3daa422a]" started-at="2023-10-29T00:50:46 CEST" name="tearDown" finished-at="2023-10-29T00:50:46 CEST" duration-ms="109" status="PASS">
          <reporter-output>
          </reporter-output>
        </test-method> <!-- tearDown -->
      </class> <!-- testCases.Tests -->
    </test> <!-- Olx Edge Tests -->
    <test started-at="2023-10-29T00:50:46 CEST" name="Olx Chrome Tests" finished-at="2023-10-29T00:51:15 CEST" duration-ms="29199">
      <class name="testCases.Tests">
        <test-method is-config="true" signature="setDriver(java.lang.String,java.lang.String,java.lang.String)[pri:0, instance:testCases.Tests@67d48005]" started-at="2023-10-29T00:50:46 CEST" name="setDriver" finished-at="2023-10-29T00:50:51 CEST" duration-ms="4745" status="PASS">
          <params>
            <param index="0">
              <value>
                <![CDATA[chrome]]>
              </value>
            </param>
            <param index="1">
              <value>
                <![CDATA[http://localhost:4445/wd/hub]]>
              </value>
            </param>
            <param index="2">
              <value>
                <![CDATA[http://www.olx.pl]]>
              </value>
            </param>
          </params>
          <reporter-output>
          </reporter-output>
        </test-method> <!-- setDriver -->
        <test-method signature="shouldSearchForOffer(java.lang.String,java.lang.String,java.lang.String)[pri:1, instance:testCases.Tests@67d48005]" started-at="2023-10-29T00:50:51 CEST" name="shouldSearchForOffer" finished-at="2023-10-29T00:50:58 CEST" duration-ms="6948" status="PASS">
          <params>
            <param index="0">
              <value>
                <![CDATA[QA engineer]]>
              </value>
            </param>
            <param index="1">
              <value>
                <![CDATA[Cała Polska]]>
              </value>
            </param>
            <param index="2">
              <value>
                <![CDATA[https://www.olx.pl/oferty/q-QA-engineer/]]>
              </value>
            </param>
          </params>
          <reporter-output>
          </reporter-output>
        </test-method> <!-- shouldSearchForOffer -->
        <test-method is-config="true" signature="tearDown()[pri:0, instance:testCases.Tests@67d48005]" started-at="2023-10-29T00:50:58 CEST" name="tearDown" finished-at="2023-10-29T00:50:58 CEST" duration-ms="79" status="PASS">
          <reporter-output>
          </reporter-output>
        </test-method> <!-- tearDown -->
        <test-method is-config="true" signature="setDriver(java.lang.String,java.lang.String,java.lang.String)[pri:0, instance:testCases.Tests@67d48005]" started-at="2023-10-29T00:50:58 CEST" name="setDriver" finished-at="2023-10-29T00:51:02 CEST" duration-ms="4470" status="PASS">
          <params>
            <param index="0">
              <value>
                <![CDATA[chrome]]>
              </value>
            </param>
            <param index="1">
              <value>
                <![CDATA[http://localhost:4445/wd/hub]]>
              </value>
            </param>
            <param index="2">
              <value>
                <![CDATA[http://www.olx.pl]]>
              </value>
            </param>
          </params>
          <reporter-output>
          </reporter-output>
        </test-method> <!-- setDriver -->
        <test-method signature="shouldPrintAmountOfQaOffers(java.lang.String,java.lang.String,java.lang.String,java.lang.String,java.lang.String)[pri:2, instance:testCases.Tests@67d48005]" started-at="2023-10-29T00:51:02 CEST" name="shouldPrintAmountOfQaOffers" finished-at="2023-10-29T00:51:15 CEST" duration-ms="12870" status="PASS">
          <params>
            <param index="0">
              <value>
                <![CDATA[QA engineer]]>
              </value>
            </param>
            <param index="1">
              <value>
                <![CDATA[Cała Polska]]>
              </value>
            </param>
            <param index="2">
              <value>
                <![CDATA[praca]]>
              </value>
            </param>
            <param index="3">
              <value>
                <![CDATA[IT]]>
              </value>
            </param>
            <param index="4">
              <value>
                <![CDATA[https://www.olx.pl/praca/informatyka/q-QA-engineer/]]>
              </value>
            </param>
          </params>
          <reporter-output>
          </reporter-output>
        </test-method> <!-- shouldPrintAmountOfQaOffers -->
        <test-method is-config="true" signature="tearDown()[pri:0, instance:testCases.Tests@67d48005]" started-at="2023-10-29T00:51:15 CEST" name="tearDown" finished-at="2023-10-29T00:51:15 CEST" duration-ms="81" status="PASS">
          <reporter-output>
          </reporter-output>
        </test-method> <!-- tearDown -->
      </class> <!-- testCases.Tests -->
    </test> <!-- Olx Chrome Tests -->
    <test started-at="2023-10-29T00:51:15 CEST" name="Olx Firefox Tests" finished-at="2023-10-29T00:51:56 CEST" duration-ms="40908">
      <class name="testCases.Tests">
        <test-method is-config="true" signature="setDriver(java.lang.String,java.lang.String,java.lang.String)[pri:0, instance:testCases.Tests@12468a38]" started-at="2023-10-29T00:51:15 CEST" name="setDriver" finished-at="2023-10-29T00:51:24 CEST" duration-ms="8671" status="PASS">
          <params>
            <param index="0">
              <value>
                <![CDATA[firefox]]>
              </value>
            </param>
            <param index="1">
              <value>
                <![CDATA[http://localhost:4445/wd/hub]]>
              </value>
            </param>
            <param index="2">
              <value>
                <![CDATA[http://www.olx.pl]]>
              </value>
            </param>
          </params>
          <reporter-output>
          </reporter-output>
        </test-method> <!-- setDriver -->
        <test-method signature="shouldSearchForOffer(java.lang.String,java.lang.String,java.lang.String)[pri:1, instance:testCases.Tests@12468a38]" started-at="2023-10-29T00:51:24 CEST" name="shouldSearchForOffer" finished-at="2023-10-29T00:51:30 CEST" duration-ms="6552" status="PASS">
          <params>
            <param index="0">
              <value>
                <![CDATA[QA engineer]]>
              </value>
            </param>
            <param index="1">
              <value>
                <![CDATA[Cała Polska]]>
              </value>
            </param>
            <param index="2">
              <value>
                <![CDATA[https://www.olx.pl/oferty/q-QA-engineer/]]>
              </value>
            </param>
          </params>
          <reporter-output>
          </reporter-output>
        </test-method> <!-- shouldSearchForOffer -->
        <test-method is-config="true" signature="tearDown()[pri:0, instance:testCases.Tests@12468a38]" started-at="2023-10-29T00:51:30 CEST" name="tearDown" finished-at="2023-10-29T00:51:32 CEST" duration-ms="1506" status="PASS">
          <reporter-output>
          </reporter-output>
        </test-method> <!-- tearDown -->
        <test-method is-config="true" signature="setDriver(java.lang.String,java.lang.String,java.lang.String)[pri:0, instance:testCases.Tests@12468a38]" started-at="2023-10-29T00:51:32 CEST" name="setDriver" finished-at="2023-10-29T00:51:40 CEST" duration-ms="8091" status="PASS">
          <params>
            <param index="0">
              <value>
                <![CDATA[firefox]]>
              </value>
            </param>
            <param index="1">
              <value>
                <![CDATA[http://localhost:4445/wd/hub]]>
              </value>
            </param>
            <param index="2">
              <value>
                <![CDATA[http://www.olx.pl]]>
              </value>
            </param>
          </params>
          <reporter-output>
          </reporter-output>
        </test-method> <!-- setDriver -->
        <test-method signature="shouldPrintAmountOfQaOffers(java.lang.String,java.lang.String,java.lang.String,java.lang.String,java.lang.String)[pri:2, instance:testCases.Tests@12468a38]" started-at="2023-10-29T00:51:40 CEST" name="shouldPrintAmountOfQaOffers" finished-at="2023-10-29T00:51:54 CEST" duration-ms="13928" status="PASS">
          <params>
            <param index="0">
              <value>
                <![CDATA[QA engineer]]>
              </value>
            </param>
            <param index="1">
              <value>
                <![CDATA[Cała Polska]]>
              </value>
            </param>
            <param index="2">
              <value>
                <![CDATA[praca]]>
              </value>
            </param>
            <param index="3">
              <value>
                <![CDATA[IT]]>
              </value>
            </param>
            <param index="4">
              <value>
                <![CDATA[https://www.olx.pl/praca/informatyka/q-QA-engineer/]]>
              </value>
            </param>
          </params>
          <reporter-output>
          </reporter-output>
        </test-method> <!-- shouldPrintAmountOfQaOffers -->
        <test-method is-config="true" signature="tearDown()[pri:0, instance:testCases.Tests@12468a38]" started-at="2023-10-29T00:51:54 CEST" name="tearDown" finished-at="2023-10-29T00:51:56 CEST" duration-ms="2143" status="PASS">
          <reporter-output>
          </reporter-output>
        </test-method> <!-- tearDown -->
      </class> <!-- testCases.Tests -->
    </test> <!-- Olx Firefox Tests -->
  </suite> <!-- All Test Suite -->
</testng-results>
