<?xml version="1.0" encoding="UTF-8"?>
<testng-results ignored="0" total="3" passed="3" failed="0" skipped="0">
  <reporter-output>
  </reporter-output>
  <suite started-at="2024-01-15T10:51:30 CET" name="All Test Suite" finished-at="2024-01-15T10:52:16 CET" duration-ms="45632">
    <groups>
    </groups>
    <test started-at="2024-01-15T10:51:30 CET" name="Olx Edge Tests" finished-at="2024-01-15T10:51:56 CET" duration-ms="25659">
      <class name="testCases.Tests">
        <test-method is-config="true" signature="setDriver(java.lang.String,java.lang.String,java.lang.String)[pri:0, instance:testCases.Tests@3daa422a]" started-at="2024-01-15T10:51:30 CET" name="setDriver" finished-at="2024-01-15T10:51:41 CET" duration-ms="10576" status="PASS">
          <params>
            <param index="0">
              <value>
                <![CDATA[edge]]>
              </value>
            </param>
            <param index="1">
              <value>
                <![CDATA[http://localhost:4445/wd/hub]]>
              </value>
            </param>
            <param index="2">
              <value>
                <![CDATA[http://www.olx.pl]]>
              </value>
            </param>
          </params>
          <reporter-output>
          </reporter-output>
        </test-method> <!-- setDriver -->
        <test-method signature="shouldSearchForOffer(java.lang.String,java.lang.String,java.lang.String)[pri:1, instance:testCases.Tests@3daa422a]" started-at="2024-01-15T10:51:41 CET" name="shouldSearchForOffer" finished-at="2024-01-15T10:51:55 CET" duration-ms="14769" status="PASS">
          <params>
            <param index="0">
              <value>
                <![CDATA[QA engineer]]>
              </value>
            </param>
            <param index="1">
              <value>
                <![CDATA[Cała Polska]]>
              </value>
            </param>
            <param index="2">
              <value>
                <![CDATA[https://www.olx.pl/oferty/q-QA-engineer/]]>
              </value>
            </param>
          </params>
          <reporter-output>
          </reporter-output>
        </test-method> <!-- shouldSearchForOffer -->
        <test-method is-config="true" signature="tearDown()[pri:0, instance:testCases.Tests@3daa422a]" started-at="2024-01-15T10:51:55 CET" name="tearDown" finished-at="2024-01-15T10:51:56 CET" duration-ms="233" status="PASS">
          <reporter-output>
          </reporter-output>
        </test-method> <!-- tearDown -->
      </class> <!-- testCases.Tests -->
    </test> <!-- Olx Edge Tests -->
    <test started-at="2024-01-15T10:51:30 CET" name="Olx Chrome Tests" finished-at="2024-01-15T10:52:16 CET" duration-ms="45632">
      <class name="testCases.Tests">
        <test-method is-config="true" signature="setDriver(java.lang.String,java.lang.String,java.lang.String)[pri:0, instance:testCases.Tests@4a94ee4]" started-at="2024-01-15T10:51:30 CET" name="setDriver" finished-at="2024-01-15T10:51:38 CET" duration-ms="8528" status="PASS">
          <params>
            <param index="0">
              <value>
                <![CDATA[chrome]]>
              </value>
            </param>
            <param index="1">
              <value>
                <![CDATA[http://localhost:4445/wd/hub]]>
              </value>
            </param>
            <param index="2">
              <value>
                <![CDATA[http://www.olx.pl]]>
              </value>
            </param>
          </params>
          <reporter-output>
          </reporter-output>
        </test-method> <!-- setDriver -->
        <test-method signature="shouldSearchForOffer(java.lang.String,java.lang.String,java.lang.String)[pri:1, instance:testCases.Tests@4a94ee4]" started-at="2024-01-15T10:51:38 CET" name="shouldSearchForOffer" finished-at="2024-01-15T10:51:50 CET" duration-ms="11298" status="PASS">
          <params>
            <param index="0">
              <value>
                <![CDATA[QA engineer]]>
              </value>
            </param>
            <param index="1">
              <value>
                <![CDATA[Cała Polska]]>
              </value>
            </param>
            <param index="2">
              <value>
                <![CDATA[https://www.olx.pl/oferty/q-QA-engineer/]]>
              </value>
            </param>
          </params>
          <reporter-output>
          </reporter-output>
        </test-method> <!-- shouldSearchForOffer -->
        <test-method is-config="true" signature="tearDown()[pri:0, instance:testCases.Tests@4a94ee4]" started-at="2024-01-15T10:51:50 CET" name="tearDown" finished-at="2024-01-15T10:51:50 CET" duration-ms="233" status="PASS">
          <reporter-output>
          </reporter-output>
        </test-method> <!-- tearDown -->
        <test-method is-config="true" signature="setDriver(java.lang.String,java.lang.String,java.lang.String)[pri:0, instance:testCases.Tests@4a94ee4]" started-at="2024-01-15T10:51:50 CET" name="setDriver" finished-at="2024-01-15T10:51:58 CET" duration-ms="7573" status="PASS">
          <params>
            <param index="0">
              <value>
                <![CDATA[chrome]]>
              </value>
            </param>
            <param index="1">
              <value>
                <![CDATA[http://localhost:4445/wd/hub]]>
              </value>
            </param>
            <param index="2">
              <value>
                <![CDATA[http://www.olx.pl]]>
              </value>
            </param>
          </params>
          <reporter-output>
          </reporter-output>
        </test-method> <!-- setDriver -->
        <test-method signature="shouldPrintAmountOfQaOffers(java.lang.String,java.lang.String,java.lang.String,java.lang.String,java.lang.String)[pri:2, instance:testCases.Tests@4a94ee4]" started-at="2024-01-15T10:51:58 CET" name="shouldPrintAmountOfQaOffers" finished-at="2024-01-15T10:52:15 CET" duration-ms="17729" status="PASS">
          <params>
            <param index="0">
              <value>
                <![CDATA[QA engineer]]>
              </value>
            </param>
            <param index="1">
              <value>
                <![CDATA[Cała Polska]]>
              </value>
            </param>
            <param index="2">
              <value>
                <![CDATA[praca]]>
              </value>
            </param>
            <param index="3">
              <value>
                <![CDATA[IT]]>
              </value>
            </param>
            <param index="4">
              <value>
                <![CDATA[https://www.olx.pl/praca/informatyka/q-QA-engineer/]]>
              </value>
            </param>
          </params>
          <reporter-output>
          </reporter-output>
        </test-method> <!-- shouldPrintAmountOfQaOffers -->
        <test-method is-config="true" signature="tearDown()[pri:0, instance:testCases.Tests@4a94ee4]" started-at="2024-01-15T10:52:15 CET" name="tearDown" finished-at="2024-01-15T10:52:16 CET" duration-ms="176" status="PASS">
          <reporter-output>
          </reporter-output>
        </test-method> <!-- tearDown -->
      </class> <!-- testCases.Tests -->
    </test> <!-- Olx Chrome Tests -->
  </suite> <!-- All Test Suite -->
</testng-results>
