<?xml version="1.0" encoding="UTF-8"?>
<!-- Generated by org.testng.reporters.JUnitXMLReporter -->
<testsuite ignored="1" hostname="LAPTOP-LAPFHODA" failures="0" tests="1" name="Olx Edge Tests" time="25.659" errors="0" timestamp="2024-01-15T10:51:56 CET">
  <testcase classname="testCases.Tests" name="shouldSearchForOffer" time="14.769"/>
  <testcase classname="testCases.Tests" name="shouldPrintAmountOfQaOffers" time="0.0">
    <ignored/>
  </testcase> <!-- shouldPrintAmountOfQaOffers -->
</testsuite> <!-- Olx Edge Tests -->
